[2026-01-29 08:12:01,639][INFO] Starting GraphA Tier-3 training
[2026-01-29 08:12:01,639][INFO] Vocabulary size: 92
[2026-01-29 08:12:01,640][INFO] Block size: 32
[2026-01-29 08:12:02,342][INFO] Model parameters: 0.11M
[2026-01-29 08:12:03,573][INFO] Entering training loop (max_iters=10000)
[2026-01-29 08:12:11,448][INFO] ======================================================================
[2026-01-29 08:12:11,448][INFO] Iteration 0
[2026-01-29 08:12:11,448][INFO] Loss: train=nan, val=4.5492
[2026-01-29 08:12:11,448][INFO]   S1->S2: 0.00% (0/89)
[2026-01-29 08:12:11,448][INFO]   S2->S3: 0.00% (0/91)
[2026-01-29 08:12:11,448][INFO]   S1->S3: 0.00% (0/135)
[2026-01-29 08:12:11,448][INFO]   overall: 0.00% (0/315)
[2026-01-29 08:12:11,448][INFO] ======================================================================
[2026-01-29 08:12:26,420][INFO] ======================================================================
[2026-01-29 08:12:26,421][INFO] Iteration 1000
[2026-01-29 08:12:26,421][INFO] Loss: train=3.3484, val=2.8008
[2026-01-29 08:12:26,421][INFO]   S1->S2: 31.46% (28/89)
[2026-01-29 08:12:26,421][INFO]   S2->S3: 36.26% (33/91)
[2026-01-29 08:12:26,421][INFO]   S1->S3: 0.00% (0/135)
[2026-01-29 08:12:26,421][INFO]   overall: 19.37% (61/315)
[2026-01-29 08:12:26,421][INFO] ======================================================================
[2026-01-29 08:12:41,215][INFO] ======================================================================
[2026-01-29 08:12:41,215][INFO] Iteration 2000
[2026-01-29 08:12:41,215][INFO] Loss: train=1.7808, val=2.5022
[2026-01-29 08:12:41,215][INFO]   S1->S2: 98.88% (88/89)
[2026-01-29 08:12:41,215][INFO]   S2->S3: 97.80% (89/91)
[2026-01-29 08:12:41,215][INFO]   S1->S3: 9.63% (13/135)
[2026-01-29 08:12:41,215][INFO]   overall: 60.32% (190/315)
[2026-01-29 08:12:41,215][INFO] ======================================================================
[2026-01-29 08:12:55,994][INFO] ======================================================================
[2026-01-29 08:12:55,994][INFO] Iteration 3000
[2026-01-29 08:12:55,994][INFO] Loss: train=1.6024, val=2.4665
[2026-01-29 08:12:55,994][INFO]   S1->S2: 98.88% (88/89)
[2026-01-29 08:12:55,994][INFO]   S2->S3: 98.90% (90/91)
[2026-01-29 08:12:55,994][INFO]   S1->S3: 21.48% (29/135)
[2026-01-29 08:12:55,994][INFO]   overall: 65.71% (207/315)
[2026-01-29 08:12:55,994][INFO] ======================================================================
[2026-01-29 08:13:10,750][INFO] ======================================================================
[2026-01-29 08:13:10,750][INFO] Iteration 4000
[2026-01-29 08:13:10,750][INFO] Loss: train=1.5667, val=2.5473
[2026-01-29 08:13:10,750][INFO]   S1->S2: 95.51% (85/89)
[2026-01-29 08:13:10,750][INFO]   S2->S3: 98.90% (90/91)
[2026-01-29 08:13:10,750][INFO]   S1->S3: 25.93% (35/135)
[2026-01-29 08:13:10,750][INFO]   overall: 66.67% (210/315)
[2026-01-29 08:13:10,750][INFO] ======================================================================
[2026-01-29 08:13:25,477][INFO] ======================================================================
[2026-01-29 08:13:25,477][INFO] Iteration 5000
[2026-01-29 08:13:25,477][INFO] Loss: train=1.5459, val=2.5997
[2026-01-29 08:13:25,477][INFO]   S1->S2: 96.63% (86/89)
[2026-01-29 08:13:25,477][INFO]   S2->S3: 100.00% (91/91)
[2026-01-29 08:13:25,477][INFO]   S1->S3: 14.07% (19/135)
[2026-01-29 08:13:25,477][INFO]   overall: 62.22% (196/315)
[2026-01-29 08:13:25,477][INFO] ======================================================================
[2026-01-29 08:13:25,485][INFO] Saved checkpoint: out/composition_20260129_081201/ckpt_5000.pt
[2026-01-29 08:13:40,250][INFO] ======================================================================
[2026-01-29 08:13:40,250][INFO] Iteration 6000
[2026-01-29 08:13:40,250][INFO] Loss: train=1.5269, val=2.6143
[2026-01-29 08:13:40,250][INFO]   S1->S2: 98.88% (88/89)
[2026-01-29 08:13:40,250][INFO]   S2->S3: 97.80% (89/91)
[2026-01-29 08:13:40,250][INFO]   S1->S3: 17.78% (24/135)
[2026-01-29 08:13:40,250][INFO]   overall: 63.81% (201/315)
[2026-01-29 08:13:40,250][INFO] ======================================================================
[2026-01-29 08:13:54,885][INFO] ======================================================================
[2026-01-29 08:13:54,885][INFO] Iteration 7000
[2026-01-29 08:13:54,885][INFO] Loss: train=1.5090, val=2.7417
[2026-01-29 08:13:54,885][INFO]   S1->S2: 96.63% (86/89)
[2026-01-29 08:13:54,885][INFO]   S2->S3: 100.00% (91/91)
[2026-01-29 08:13:54,885][INFO]   S1->S3: 11.85% (16/135)
[2026-01-29 08:13:54,885][INFO]   overall: 61.27% (193/315)
[2026-01-29 08:13:54,885][INFO] ======================================================================
[2026-01-29 08:14:09,530][INFO] ======================================================================
[2026-01-29 08:14:09,530][INFO] Iteration 8000
[2026-01-29 08:14:09,530][INFO] Loss: train=1.4903, val=2.8022
[2026-01-29 08:14:09,530][INFO]   S1->S2: 100.00% (89/89)
[2026-01-29 08:14:09,530][INFO]   S2->S3: 100.00% (91/91)
[2026-01-29 08:14:09,530][INFO]   S1->S3: 17.04% (23/135)
[2026-01-29 08:14:09,530][INFO]   overall: 64.44% (203/315)
[2026-01-29 08:14:09,530][INFO] ======================================================================
[2026-01-29 08:14:24,167][INFO] ======================================================================
[2026-01-29 08:14:24,167][INFO] Iteration 9000
[2026-01-29 08:14:24,167][INFO] Loss: train=1.4724, val=2.8175
[2026-01-29 08:14:24,167][INFO]   S1->S2: 94.38% (84/89)
[2026-01-29 08:14:24,167][INFO]   S2->S3: 98.90% (90/91)
[2026-01-29 08:14:24,168][INFO]   S1->S3: 21.48% (29/135)
[2026-01-29 08:14:24,168][INFO]   overall: 64.44% (203/315)
[2026-01-29 08:14:24,168][INFO] ======================================================================
[2026-01-29 08:14:38,810][INFO] ======================================================================
[2026-01-29 08:14:38,810][INFO] Iteration 10000
[2026-01-29 08:14:38,810][INFO] Loss: train=1.4559, val=2.8783
[2026-01-29 08:14:38,810][INFO]   S1->S2: 95.51% (85/89)
[2026-01-29 08:14:38,810][INFO]   S2->S3: 96.70% (88/91)
[2026-01-29 08:14:38,810][INFO]   S1->S3: 20.74% (28/135)
[2026-01-29 08:14:38,810][INFO]   overall: 63.81% (201/315)
[2026-01-29 08:14:38,810][INFO] ======================================================================
[2026-01-29 08:14:38,813][INFO] Saved checkpoint: out/composition_20260129_081201/ckpt_10000.pt
[2026-01-29 08:14:38,813][INFO] Training finished. Outputs saved to out/composition_20260129_081201
